# JRE version: OpenJDK Runtime Environment (17.0.9) (build 17.0.9+0-17.0.9b1087.7-11185874)
# Java VM: OpenJDK 64-Bit Server VM (17.0.9+0-17.0.9b1087.7-11185874, mixed mode, tiered, compressed oops, compressed class ptrs, parallel gc, bsd-amd64)
GC Precious Log:
 CPUs: 4 total, 4 available
 Memory: 32768M
 Large Page Support: Disabled
 NUMA Support: Disabled
 Compressed Oops: Enabled (Zero based)
 Alignments: Space 512K, Generation 512K, Heap 2M
 Heap Min Capacity: 8M
 Heap Initial Capacity: 512M
 Heap Max Capacity: 4G
 Pre-touch: Disabled
 Parallel Workers: 4
Heap:
 PSYoungGen      total 268800K, used 196191K [0x00000007aab00000, 0x00000007be080000, 0x0000000800000000)
  eden space 224768K, 81% used [0x00000007aab00000,0x00000007b5dbc598,0x00000007b8680000)
  from space 44032K, 29% used [0x00000007bb580000,0x00000007bc25b890,0x00000007be080000)
  to   space 46080K, 0% used [0x00000007b8680000,0x00000007b8680000,0x00000007bb380000)
 ParOldGen       total 349696K, used 165263K [0x0000000700000000, 0x0000000715580000, 0x00000007aab00000)
  object space 349696K, 47% used [0x0000000700000000,0x000000070a163d98,0x0000000715580000)
 Metaspace       used 126513K, committed 128320K, reserved 1179648K
  class space    used 18174K, committed 18944K, reserved 1048576K
GC Heap History (20 events):
Event: 74.722 GC heap before
{Heap before GC invocations=13 (full 3):
 PSYoungGen      total 142848K, used 142720K [0x00000007aab00000, 0x00000007b8180000, 0x0000000800000000)
  eden space 108032K, 100% used [0x00000007aab00000,0x00000007b1480000,0x00000007b1480000)
  from space 34816K, 99% used [0x00000007b1680000,0x00000007b38602b8,0x00000007b3880000)
  to   space 55808K, 0% used [0x00000007b4b00000,0x00000007b4b00000,0x00000007b8180000)
 ParOldGen       total 349696K, used 78123K [0x0000000700000000, 0x0000000715580000, 0x00000007aab00000)
  object space 349696K, 22% used [0x0000000700000000,0x0000000704c4ade0,0x0000000715580000)
 Metaspace       used 92549K, committed 93568K, reserved 1179648K
  class space    used 13221K, committed 13696K, reserved 1048576K
}
Event: 74.762 GC heap after
{Heap after GC invocations=13 (full 3):
 PSYoungGen      total 160768K, used 35095K [0x00000007aab00000, 0x00000007b8080000, 0x0000000800000000)
  eden space 105984K, 0% used [0x00000007aab00000,0x00000007aab00000,0x00000007b1280000)
  from space 54784K, 64% used [0x00000007b4b00000,0x00000007b6d45c20,0x00000007b8080000)
  to   space 56320K, 0% used [0x00000007b1280000,0x00000007b1280000,0x00000007b4980000)
 ParOldGen       total 349696K, used 98716K [0x0000000700000000, 0x0000000715580000, 0x00000007aab00000)
  object space 349696K, 28% used [0x0000000700000000,0x00000007060671a0,0x0000000715580000)
 Metaspace       used 92549K, committed 93568K, reserved 1179648K
  class space    used 13221K, committed 13696K, reserved 1048576K
}
Event: 194.754 GC heap before
{Heap before GC invocations=14 (full 3):
 PSYoungGen      total 160768K, used 141079K [0x00000007aab00000, 0x00000007b8080000, 0x0000000800000000)
  eden space 105984K, 100% used [0x00000007aab00000,0x00000007b1280000,0x00000007b1280000)
  from space 54784K, 64% used [0x00000007b4b00000,0x00000007b6d45c20,0x00000007b8080000)
  to   space 56320K, 0% used [0x00000007b1280000,0x00000007b1280000,0x00000007b4980000)
 ParOldGen       total 349696K, used 98716K [0x0000000700000000, 0x0000000715580000, 0x00000007aab00000)
  object space 349696K, 28% used [0x0000000700000000,0x00000007060671a0,0x0000000715580000)
 Metaspace       used 94084K, committed 95232K, reserved 1179648K
  class space    used 13407K, committed 13888K, reserved 1048576K
}
Event: 194.813 GC heap after
{Heap after GC invocations=14 (full 3):
 PSYoungGen      total 120320K, used 16157K [0x00000007aab00000, 0x00000007b7c80000, 0x0000000800000000)
  eden space 103936K, 0% used [0x00000007aab00000,0x00000007aab00000,0x00000007b1080000)
  from space 16384K, 98% used [0x00000007b1280000,0x00000007b2247440,0x00000007b2280000)
  to   space 55296K, 0% used [0x00000007b4680000,0x00000007b4680000,0x00000007b7c80000)
 ParOldGen       total 349696K, used 133425K [0x0000000700000000, 0x0000000715580000, 0x00000007aab00000)
  object space 349696K, 38% used [0x0000000700000000,0x000000070824c6b8,0x0000000715580000)
 Metaspace       used 94084K, committed 95232K, reserved 1179648K
  class space    used 13407K, committed 13888K, reserved 1048576K
}
Event: 196.278 GC heap before
{Heap before GC invocations=15 (full 3):
 PSYoungGen      total 120320K, used 120093K [0x00000007aab00000, 0x00000007b7c80000, 0x0000000800000000)
  eden space 103936K, 100% used [0x00000007aab00000,0x00000007b1080000,0x00000007b1080000)
  from space 16384K, 98% used [0x00000007b1280000,0x00000007b2247440,0x00000007b2280000)
  to   space 55296K, 0% used [0x00000007b4680000,0x00000007b4680000,0x00000007b7c80000)
 ParOldGen       total 349696K, used 133425K [0x0000000700000000, 0x0000000715580000, 0x00000007aab00000)
  object space 349696K, 38% used [0x0000000700000000,0x000000070824c6b8,0x0000000715580000)
 Metaspace       used 95247K, committed 96576K, reserved 1179648K
  class space    used 13591K, committed 14208K, reserved 1048576K
}
Event: 196.324 GC heap after
{Heap after GC invocations=15 (full 3):
 PSYoungGen      total 151040K, used 18352K [0x00000007aab00000, 0x00000007b7680000, 0x0000000800000000)
  eden space 101888K, 0% used [0x00000007aab00000,0x00000007aab00000,0x00000007b0e80000)
  from space 49152K, 37% used [0x00000007b4680000,0x00000007b586c010,0x00000007b7680000)
  to   space 53248K, 0% used [0x00000007b0e80000,0x00000007b0e80000,0x00000007b4280000)
 ParOldGen       total 349696K, used 149413K [0x0000000700000000, 0x0000000715580000, 0x00000007aab00000)
  object space 349696K, 42% used [0x0000000700000000,0x00000007091e9770,0x0000000715580000)
 Metaspace       used 95247K, committed 96576K, reserved 1179648K
  class space    used 13591K, committed 14208K, reserved 1048576K
}
Event: 303.218 GC heap before
{Heap before GC invocations=16 (full 3):
 PSYoungGen      total 151040K, used 120240K [0x00000007aab00000, 0x00000007b7680000, 0x0000000800000000)
  eden space 101888K, 100% used [0x00000007aab00000,0x00000007b0e80000,0x00000007b0e80000)
  from space 49152K, 37% used [0x00000007b4680000,0x00000007b586c010,0x00000007b7680000)
  to   space 53248K, 0% used [0x00000007b0e80000,0x00000007b0e80000,0x00000007b4280000)
 ParOldGen       total 349696K, used 149413K [0x0000000700000000, 0x0000000715580000, 0x00000007aab00000)
  object space 349696K, 42% used [0x0000000700000000,0x00000007091e9770,0x0000000715580000)
 Metaspace       used 95952K, committed 97344K, reserved 1179648K
  class space    used 13666K, committed 14272K, reserved 1048576K
}
Event: 303.318 GC heap after
{Heap after GC invocations=16 (full 3):
 PSYoungGen      total 114176K, used 14076K [0x00000007aab00000, 0x00000007b7280000, 0x0000000800000000)
  eden space 99840K, 0% used [0x00000007aab00000,0x00000007aab00000,0x00000007b0c80000)
  from space 14336K, 98% used [0x00000007b0e80000,0x00000007b1c3f088,0x00000007b1c80000)
  to   space 52224K, 0% used [0x00000007b3f80000,0x00000007b3f80000,0x00000007b7280000)
 ParOldGen       total 349696K, used 167486K [0x0000000700000000, 0x0000000715580000, 0x00000007aab00000)
  object space 349696K, 47% used [0x0000000700000000,0x000000070a38f9c0,0x0000000715580000)
 Metaspace       used 95952K, committed 97344K, reserved 1179648K
  class space    used 13666K, committed 14272K, reserved 1048576K
}
Event: 304.902 GC heap before
{Heap before GC invocations=17 (full 3):
 PSYoungGen      total 114176K, used 113916K [0x00000007aab00000, 0x00000007b7280000, 0x0000000800000000)
  eden space 99840K, 100% used [0x00000007aab00000,0x00000007b0c80000,0x00000007b0c80000)
  from space 14336K, 98% used [0x00000007b0e80000,0x00000007b1c3f088,0x00000007b1c80000)
  to   space 52224K, 0% used [0x00000007b3f80000,0x00000007b3f80000,0x00000007b7280000)
 ParOldGen       total 349696K, used 167486K [0x0000000700000000, 0x0000000715580000, 0x00000007aab00000)
  object space 349696K, 47% used [0x0000000700000000,0x000000070a38f9c0,0x0000000715580000)
 Metaspace       used 97032K, committed 98432K, reserved 1179648K
  class space    used 13819K, committed 14464K, reserved 1048576K
}
Event: 304.946 GC heap after
{Heap after GC invocations=17 (full 3):
 PSYoungGen      total 154624K, used 20327K [0x00000007aab00000, 0x00000007ba800000, 0x0000000800000000)
  eden space 102400K, 0% used [0x00000007aab00000,0x00000007aab00000,0x00000007b0f00000)
  from space 52224K, 38% used [0x00000007b3f80000,0x00000007b5359ec8,0x00000007b7280000)
  to   space 49664K, 0% used [0x00000007b0f00000,0x00000007b0f00000,0x00000007b3f80000)
 ParOldGen       total 349696K, used 180795K [0x0000000700000000, 0x0000000715580000, 0x00000007aab00000)
  object space 349696K, 51% used [0x0000000700000000,0x000000070b08ec60,0x0000000715580000)
 Metaspace       used 97032K, committed 98432K, reserved 1179648K
  class space    used 13819K, committed 14464K, reserved 1048576K
}
Event: 305.120 GC heap before
{Heap before GC invocations=18 (full 3):
 PSYoungGen      total 154624K, used 27347K [0x00000007aab00000, 0x00000007ba800000, 0x0000000800000000)
  eden space 102400K, 6% used [0x00000007aab00000,0x00000007ab1db088,0x00000007b0f00000)
  from space 52224K, 38% used [0x00000007b3f80000,0x00000007b5359ec8,0x00000007b7280000)
  to   space 49664K, 0% used [0x00000007b0f00000,0x00000007b0f00000,0x00000007b3f80000)
 ParOldGen       total 349696K, used 180795K [0x0000000700000000, 0x0000000715580000, 0x00000007aab00000)
  object space 349696K, 51% used [0x0000000700000000,0x000000070b08ec60,0x0000000715580000)
 Metaspace       used 98273K, committed 99648K, reserved 1179648K
  class space    used 14058K, committed 14656K, reserved 1048576K
}
Event: 305.147 GC heap after
{Heap after GC invocations=18 (full 3):
 PSYoungGen      total 152064K, used 539K [0x00000007aab00000, 0x00000007bab00000, 0x0000000800000000)
  eden space 102400K, 0% used [0x00000007aab00000,0x00000007aab00000,0x00000007b0f00000)
  from space 49664K, 1% used [0x00000007b0f00000,0x00000007b0f86ed8,0x00000007b3f80000)
  to   space 51200K, 0% used [0x00000007b7900000,0x00000007b7900000,0x00000007bab00000)
 ParOldGen       total 349696K, used 201128K [0x0000000700000000, 0x0000000715580000, 0x00000007aab00000)
  object space 349696K, 57% used [0x0000000700000000,0x000000070c46a0e8,0x0000000715580000)
 Metaspace       used 98273K, committed 99648K, reserved 1179648K
  class space    used 14058K, committed 14656K, reserved 1048576K
}
Event: 305.147 GC heap before
{Heap before GC invocations=19 (full 4):
 PSYoungGen      total 152064K, used 539K [0x00000007aab00000, 0x00000007bab00000, 0x0000000800000000)
  eden space 102400K, 0% used [0x00000007aab00000,0x00000007aab00000,0x00000007b0f00000)
  from space 49664K, 1% used [0x00000007b0f00000,0x00000007b0f86ed8,0x00000007b3f80000)
  to   space 51200K, 0% used [0x00000007b7900000,0x00000007b7900000,0x00000007bab00000)
 ParOldGen       total 349696K, used 201128K [0x0000000700000000, 0x0000000715580000, 0x00000007aab00000)
  object space 349696K, 57% used [0x0000000700000000,0x000000070c46a0e8,0x0000000715580000)
 Metaspace       used 98273K, committed 99648K, reserved 1179648K
  class space    used 14058K, committed 14656K, reserved 1048576K
}
Event: 305.449 GC heap after
{Heap after GC invocations=19 (full 4):
 PSYoungGen      total 152064K, used 0K [0x00000007aab00000, 0x00000007bab00000, 0x0000000800000000)
  eden space 102400K, 0% used [0x00000007aab00000,0x00000007aab00000,0x00000007b0f00000)
  from space 49664K, 0% used [0x00000007b0f00000,0x00000007b0f00000,0x00000007b3f80000)
  to   space 51200K, 0% used [0x00000007b7900000,0x00000007b7900000,0x00000007bab00000)
 ParOldGen       total 349696K, used 144526K [0x0000000700000000, 0x0000000715580000, 0x00000007aab00000)
  object space 349696K, 41% used [0x0000000700000000,0x0000000708d23800,0x0000000715580000)
 Metaspace       used 98273K, committed 99648K, reserved 1179648K
  class space    used 14058K, committed 14656K, reserved 1048576K
}
Event: 307.774 GC heap before
{Heap before GC invocations=20 (full 4):
 PSYoungGen      total 152064K, used 102400K [0x00000007aab00000, 0x00000007bab00000, 0x0000000800000000)
  eden space 102400K, 100% used [0x00000007aab00000,0x00000007b0f00000,0x00000007b0f00000)
  from space 49664K, 0% used [0x00000007b0f00000,0x00000007b0f00000,0x00000007b3f80000)
  to   space 51200K, 0% used [0x00000007b7900000,0x00000007b7900000,0x00000007bab00000)
 ParOldGen       total 349696K, used 144526K [0x0000000700000000, 0x0000000715580000, 0x00000007aab00000)
  object space 349696K, 41% used [0x0000000700000000,0x0000000708d23800,0x0000000715580000)
 Metaspace       used 101836K, committed 103232K, reserved 1179648K
  class space    used 14511K, committed 15104K, reserved 1048576K
}
Event: 307.785 GC heap after
{Heap after GC invocations=20 (full 4):
 PSYoungGen      total 211456K, used 6528K [0x00000007aab00000, 0x00000007bae00000, 0x0000000800000000)
  eden space 160256K, 0% used [0x00000007aab00000,0x00000007aab00000,0x00000007b4780000)
  from space 51200K, 12% used [0x00000007b7900000,0x00000007b7f60010,0x00000007bab00000)
  to   space 50688K, 0% used [0x00000007b4780000,0x00000007b4780000,0x00000007b7900000)
 ParOldGen       total 349696K, used 144534K [0x0000000700000000, 0x0000000715580000, 0x00000007aab00000)
  object space 349696K, 41% used [0x0000000700000000,0x0000000708d25800,0x0000000715580000)
 Metaspace       used 101836K, committed 103232K, reserved 1179648K
  class space    used 14511K, committed 15104K, reserved 1048576K
}
Event: 953.589 GC heap before
{Heap before GC invocations=21 (full 4):
 PSYoungGen      total 211456K, used 166784K [0x00000007aab00000, 0x00000007bae00000, 0x0000000800000000)
  eden space 160256K, 100% used [0x00000007aab00000,0x00000007b4780000,0x00000007b4780000)
  from space 51200K, 12% used [0x00000007b7900000,0x00000007b7f60010,0x00000007bab00000)
  to   space 50688K, 0% used [0x00000007b4780000,0x00000007b4780000,0x00000007b7900000)
 ParOldGen       total 349696K, used 144534K [0x0000000700000000, 0x0000000715580000, 0x00000007aab00000)
  object space 349696K, 41% used [0x0000000700000000,0x0000000708d25800,0x0000000715580000)
 Metaspace       used 108743K, committed 110272K, reserved 1179648K
  class space    used 15388K, committed 16064K, reserved 1048576K
}
Event: 953.653 GC heap after
{Heap after GC invocations=21 (full 4):
 PSYoungGen      total 210944K, used 14920K [0x00000007aab00000, 0x00000007be480000, 0x0000000800000000)
  eden space 160256K, 0% used [0x00000007aab00000,0x00000007aab00000,0x00000007b4780000)
  from space 50688K, 29% used [0x00000007b4780000,0x00000007b5612390,0x00000007b7900000)
  to   space 48128K, 0% used [0x00000007bb580000,0x00000007bb580000,0x00000007be480000)
 ParOldGen       total 349696K, used 150577K [0x0000000700000000, 0x0000000715580000, 0x00000007aab00000)
  object space 349696K, 43% used [0x0000000700000000,0x000000070930c530,0x0000000715580000)
 Metaspace       used 108743K, committed 110272K, reserved 1179648K
  class space    used 15388K, committed 16064K, reserved 1048576K
}
Event: 955.679 GC heap before
{Heap before GC invocations=22 (full 4):
 PSYoungGen      total 210944K, used 175176K [0x00000007aab00000, 0x00000007be480000, 0x0000000800000000)
  eden space 160256K, 100% used [0x00000007aab00000,0x00000007b4780000,0x00000007b4780000)
  from space 50688K, 29% used [0x00000007b4780000,0x00000007b5612390,0x00000007b7900000)
  to   space 48128K, 0% used [0x00000007bb580000,0x00000007bb580000,0x00000007be480000)
 ParOldGen       total 349696K, used 150577K [0x0000000700000000, 0x0000000715580000, 0x00000007aab00000)
  object space 349696K, 43% used [0x0000000700000000,0x000000070930c530,0x0000000715580000)
 Metaspace       used 117698K, committed 119360K, reserved 1179648K
  class space    used 16655K, committed 17408K, reserved 1048576K
}
Event: 955.722 GC heap after
{Heap after GC invocations=22 (full 4):
 PSYoungGen      total 268800K, used 13166K [0x00000007aab00000, 0x00000007be080000, 0x0000000800000000)
  eden space 224768K, 0% used [0x00000007aab00000,0x00000007aab00000,0x00000007b8680000)
  from space 44032K, 29% used [0x00000007bb580000,0x00000007bc25b890,0x00000007be080000)
  to   space 46080K, 0% used [0x00000007b8680000,0x00000007b8680000,0x00000007bb380000)
 ParOldGen       total 349696K, used 165263K [0x0000000700000000, 0x0000000715580000, 0x00000007aab00000)
  object space 349696K, 47% used [0x0000000700000000,0x000000070a163d98,0x0000000715580000)
 Metaspace       used 117698K, committed 119360K, reserved 1179648K
  class space    used 16655K, committed 17408K, reserved 1048576K
}

